#! /usr/bin/vvp
:ivl_version "12.0 (stable)";
:ivl_delay_selection "TYPICAL";
:vpi_time_precision - 12;
:vpi_module "/usr/lib/x86_64-linux-gnu/ivl/system.vpi";
:vpi_module "/usr/lib/x86_64-linux-gnu/ivl/vhdl_sys.vpi";
:vpi_module "/usr/lib/x86_64-linux-gnu/ivl/vhdl_textio.vpi";
:vpi_module "/usr/lib/x86_64-linux-gnu/ivl/v2005_math.vpi";
:vpi_module "/usr/lib/x86_64-linux-gnu/ivl/va_math.vpi";
S_0x61869c8f40f0 .scope module, "transceiver_feeder_tb" "transceiver_feeder_tb" 2 15;
 .timescale -9 -12;
v0x61869c933c60_0 .var "clk", 0 0;
v0x61869c933d50_0 .net "done", 0 0, v0x61869c9327c0_0;  1 drivers
v0x61869c933e20_0 .var/i "errors", 31 0;
v0x61869c933ef0 .array "expected", 7 0, 23 0;
v0x61869c933f90_0 .var/i "frame_count", 31 0;
v0x61869c934070_0 .net "o_tvalid", 0 0, v0x61869c9333b0_0;  1 drivers
v0x61869c934110_0 .var "rst_n", 0 0;
v0x61869c934200_0 .net "sck", 0 0, v0x61869c9329e0_0;  1 drivers
v0x61869c9342f0_0 .net "sd", 0 0, v0x61869c932af0_0;  1 drivers
v0x61869c934420_0 .net "tdata", 23 0, v0x61869c9338f0_0;  1 drivers
v0x61869c9344c0_0 .net "ws", 0 0, v0x61869c932bb0_0;  1 drivers
S_0x61869c8f4280 .scope begin, "TEST_SEQ" "TEST_SEQ" 2 70, 2 70 0, S_0x61869c8f40f0;
 .timescale -9 -12;
v0x61869c90dab0_0 .var/i "i", 31 0;
E_0x61869c8df270 .event anyedge, v0x61869c9327c0_0;
S_0x61869c8eac30 .scope begin, "FRAME_LOOP" "FRAME_LOOP" 2 119, 2 119 0, S_0x61869c8f4280;
 .timescale -9 -12;
v0x61869c8dcc80_0 .var/i "w", 31 0;
E_0x61869c8de6e0 .event posedge, v0x61869c9329e0_0;
E_0x61869c8dec80 .event negedge, v0x61869c932bb0_0;
S_0x61869c932040 .scope module, "feeder" "transceiver_feeder" 2 35, 3 17 0, S_0x61869c8f40f0;
 .timescale -9 -12;
    .port_info 0 /INPUT 1 "clk";
    .port_info 1 /INPUT 1 "rst_n";
    .port_info 2 /OUTPUT 1 "done";
    .port_info 3 /OUTPUT 1 "sck";
    .port_info 4 /OUTPUT 1 "ws";
    .port_info 5 /OUTPUT 1 "sd";
P_0x61869c932240 .param/l "NUM_SAMPLES" 0 3 25, +C4<00000000000000000000000000000100>;
P_0x61869c932280 .param/l "SAMPLE_MAX" 0 3 29, +C4<00000000000000001011101110000000>;
P_0x61869c9322c0 .param/l "SCK_HALF_PERIOD" 0 3 21, +C4<00000000000000000000000010100011>;
v0x61869c90f680_0 .net "clk", 0 0, v0x61869c933c60_0;  1 drivers
v0x61869c9327c0_0 .var "done", 0 0;
v0x61869c932880_0 .net "rst_n", 0 0, v0x61869c934110_0;  1 drivers
v0x61869c932920 .array/s "sample_mem", 47999 0, 23 0;
v0x61869c9329e0_0 .var "sck", 0 0;
v0x61869c932af0_0 .var "sd", 0 0;
v0x61869c932bb0_0 .var "ws", 0 0;
E_0x61869c8decc0 .event negedge, v0x61869c932880_0;
S_0x61869c932420 .scope begin, "SEQ" "SEQ" 3 93, 3 93 0, S_0x61869c932040;
 .timescale -9 -12;
v0x61869c8dcd20_0 .var/i "b", 31 0;
v0x61869c906e10_0 .var/i "s", 31 0;
v0x61869c90f5e0_0 .var/i "z", 31 0;
E_0x61869c8c91d0 .event negedge, v0x61869c9329e0_0;
E_0x61869c932660 .event posedge, v0x61869c932880_0;
S_0x61869c932d70 .scope module, "receiver" "transceiver_in" 2 48, 4 1 0, S_0x61869c8f40f0;
 .timescale -9 -12;
    .port_info 0 /INPUT 1 "rst_n";
    .port_info 1 /INPUT 1 "clk";
    .port_info 2 /INPUT 1 "ws";
    .port_info 3 /INPUT 1 "sd";
    .port_info 4 /INPUT 1 "o_tready";
    .port_info 5 /OUTPUT 1 "o_tvalid";
    .port_info 6 /OUTPUT 24 "tdata";
P_0x61869c8d8440 .param/l "COUNTER_BITS" 0 4 3, +C4<00000000000000000000000000000101>;
P_0x61869c8d8480 .param/l "WIDTH" 0 4 2, +C4<00000000000000000000000000011000>;
v0x61869c933050_0 .var "channel_1", 23 0;
v0x61869c933130_0 .var "channel_2", 23 0;
v0x61869c933210_0 .net "clk", 0 0, v0x61869c9329e0_0;  alias, 1 drivers
L_0x7df737c6e018 .functor BUFT 1, C4<1>, C4<0>, C4<0>, C4<0>;
v0x61869c933310_0 .net "o_tready", 0 0, L_0x7df737c6e018;  1 drivers
v0x61869c9333b0_0 .var "o_tvalid", 0 0;
v0x61869c9334a0_0 .var "r_sd", 0 0;
v0x61869c933560_0 .var "r_ws", 0 0;
v0x61869c933620_0 .var "r_ws_last", 0 0;
v0x61869c9336e0_0 .net "rst_n", 0 0, v0x61869c934110_0;  alias, 1 drivers
v0x61869c933780_0 .net "sd", 0 0, v0x61869c932af0_0;  alias, 1 drivers
v0x61869c933850_0 .var "state", 0 0;
v0x61869c9338f0_0 .var "tdata", 23 0;
v0x61869c9339b0_0 .var "word_counter", 4 0;
v0x61869c933a90_0 .net "ws", 0 0, v0x61869c932bb0_0;  alias, 1 drivers
    .scope S_0x61869c932040;
T_0 ;
    %pushi/vec4 0, 0, 1;
    %store/vec4 v0x61869c9329e0_0, 0, 1;
T_0.0 ;
    %delay 163000, 0;
    %load/vec4 v0x61869c9329e0_0;
    %inv;
    %store/vec4 v0x61869c9329e0_0, 0, 1;
    %jmp T_0.0;
    %end;
    .thread T_0;
    .scope S_0x61869c932040;
T_1 ;
    %wait E_0x61869c8decc0;
    %pushi/vec4 0, 0, 1;
    %assign/vec4 v0x61869c932bb0_0, 0;
    %pushi/vec4 0, 0, 1;
    %assign/vec4 v0x61869c932af0_0, 0;
    %pushi/vec4 0, 0, 1;
    %assign/vec4 v0x61869c9327c0_0, 0;
    %jmp T_1;
    .thread T_1;
    .scope S_0x61869c932040;
T_2 ;
    %fork t_1, S_0x61869c932420;
    %jmp t_0;
    .scope S_0x61869c932420;
t_1 ;
    %pushi/vec4 0, 0, 1;
    %store/vec4 v0x61869c932bb0_0, 0, 1;
    %pushi/vec4 0, 0, 1;
    %store/vec4 v0x61869c932af0_0, 0, 1;
    %pushi/vec4 0, 0, 1;
    %store/vec4 v0x61869c9327c0_0, 0, 1;
    %wait E_0x61869c932660;
    %wait E_0x61869c8de6e0;
    %wait E_0x61869c8de6e0;
    %vpi_call 3 107 "$readmemh", "samples.hex", v0x61869c932920 {0 0 0};
    %pushi/vec4 4, 0, 32;
    %store/vec4 v0x61869c906e10_0, 0, 32;
    %pushi/vec4 1, 0, 1;
    %store/vec4 v0x61869c932bb0_0, 0, 1;
    %pushi/vec4 0, 0, 32;
    %store/vec4 v0x61869c906e10_0, 0, 32;
T_2.0 ;
    %load/vec4 v0x61869c906e10_0;
    %cmpi/s 4, 0, 32;
    %jmp/0xz T_2.1, 5;
    %wait E_0x61869c8c91d0;
    %pushi/vec4 0, 0, 1;
    %store/vec4 v0x61869c932bb0_0, 0, 1;
    %ix/getv/s 4, v0x61869c906e10_0;
    %load/vec4a v0x61869c932920, 4;
    %parti/s 1, 23, 6;
    %store/vec4 v0x61869c932af0_0, 0, 1;
    %pushi/vec4 22, 0, 32;
    %store/vec4 v0x61869c8dcd20_0, 0, 32;
T_2.2 ;
    %load/vec4 v0x61869c8dcd20_0;
    %cmpi/s 0, 0, 32;
    %flag_inv 5; GE is !LT
    %jmp/0xz T_2.3, 5;
    %wait E_0x61869c8c91d0;
    %ix/getv/s 4, v0x61869c906e10_0;
    %load/vec4a v0x61869c932920, 4;
    %load/vec4 v0x61869c8dcd20_0;
    %part/s 1;
    %store/vec4 v0x61869c932af0_0, 0, 1;
    %load/vec4 v0x61869c8dcd20_0;
    %subi 1, 0, 32;
    %store/vec4 v0x61869c8dcd20_0, 0, 32;
    %jmp T_2.2;
T_2.3 ;
    %pushi/vec4 0, 0, 32;
    %store/vec4 v0x61869c90f5e0_0, 0, 32;
T_2.4 ;
    %load/vec4 v0x61869c90f5e0_0;
    %cmpi/s 8, 0, 32;
    %jmp/0xz T_2.5, 5;
    %wait E_0x61869c8c91d0;
    %pushi/vec4 0, 0, 1;
    %store/vec4 v0x61869c932af0_0, 0, 1;
    %load/vec4 v0x61869c90f5e0_0;
    %addi 1, 0, 32;
    %store/vec4 v0x61869c90f5e0_0, 0, 32;
    %jmp T_2.4;
T_2.5 ;
    %wait E_0x61869c8c91d0;
    %pushi/vec4 1, 0, 1;
    %store/vec4 v0x61869c932bb0_0, 0, 1;
    %ix/getv/s 4, v0x61869c906e10_0;
    %load/vec4a v0x61869c932920, 4;
    %parti/s 1, 23, 6;
    %store/vec4 v0x61869c932af0_0, 0, 1;
    %pushi/vec4 22, 0, 32;
    %store/vec4 v0x61869c8dcd20_0, 0, 32;
T_2.6 ;
    %load/vec4 v0x61869c8dcd20_0;
    %cmpi/s 0, 0, 32;
    %flag_inv 5; GE is !LT
    %jmp/0xz T_2.7, 5;
    %wait E_0x61869c8c91d0;
    %ix/getv/s 4, v0x61869c906e10_0;
    %load/vec4a v0x61869c932920, 4;
    %load/vec4 v0x61869c8dcd20_0;
    %part/s 1;
    %store/vec4 v0x61869c932af0_0, 0, 1;
    %load/vec4 v0x61869c8dcd20_0;
    %subi 1, 0, 32;
    %store/vec4 v0x61869c8dcd20_0, 0, 32;
    %jmp T_2.6;
T_2.7 ;
    %pushi/vec4 0, 0, 32;
    %store/vec4 v0x61869c90f5e0_0, 0, 32;
T_2.8 ;
    %load/vec4 v0x61869c90f5e0_0;
    %cmpi/s 8, 0, 32;
    %jmp/0xz T_2.9, 5;
    %wait E_0x61869c8c91d0;
    %pushi/vec4 0, 0, 1;
    %store/vec4 v0x61869c932af0_0, 0, 1;
    %load/vec4 v0x61869c90f5e0_0;
    %addi 1, 0, 32;
    %store/vec4 v0x61869c90f5e0_0, 0, 32;
    %jmp T_2.8;
T_2.9 ;
    %load/vec4 v0x61869c906e10_0;
    %addi 1, 0, 32;
    %store/vec4 v0x61869c906e10_0, 0, 32;
    %jmp T_2.0;
T_2.1 ;
    %pushi/vec4 1, 0, 1;
    %store/vec4 v0x61869c9327c0_0, 0, 1;
T_2.10 ;
    %wait E_0x61869c8c91d0;
    %pushi/vec4 0, 0, 1;
    %store/vec4 v0x61869c932bb0_0, 0, 1;
    %pushi/vec4 0, 0, 1;
    %store/vec4 v0x61869c932af0_0, 0, 1;
    %pushi/vec4 0, 0, 32;
    %store/vec4 v0x61869c8dcd20_0, 0, 32;
T_2.11 ;
    %load/vec4 v0x61869c8dcd20_0;
    %cmpi/s 31, 0, 32;
    %jmp/0xz T_2.12, 5;
    %wait E_0x61869c8c91d0;
    %pushi/vec4 0, 0, 1;
    %store/vec4 v0x61869c932af0_0, 0, 1;
    %load/vec4 v0x61869c8dcd20_0;
    %addi 1, 0, 32;
    %store/vec4 v0x61869c8dcd20_0, 0, 32;
    %jmp T_2.11;
T_2.12 ;
    %wait E_0x61869c8c91d0;
    %pushi/vec4 1, 0, 1;
    %store/vec4 v0x61869c932bb0_0, 0, 1;
    %pushi/vec4 0, 0, 1;
    %store/vec4 v0x61869c932af0_0, 0, 1;
    %pushi/vec4 0, 0, 32;
    %store/vec4 v0x61869c8dcd20_0, 0, 32;
T_2.13 ;
    %load/vec4 v0x61869c8dcd20_0;
    %cmpi/s 31, 0, 32;
    %jmp/0xz T_2.14, 5;
    %wait E_0x61869c8c91d0;
    %pushi/vec4 0, 0, 1;
    %store/vec4 v0x61869c932af0_0, 0, 1;
    %load/vec4 v0x61869c8dcd20_0;
    %addi 1, 0, 32;
    %store/vec4 v0x61869c8dcd20_0, 0, 32;
    %jmp T_2.13;
T_2.14 ;
    %jmp T_2.10;
    %end;
    .scope S_0x61869c932040;
t_0 %join;
    %end;
    .thread T_2;
    .scope S_0x61869c932d70;
T_3 ;
    %wait E_0x61869c8de6e0;
    %load/vec4 v0x61869c9336e0_0;
    %nor/r;
    %flag_set/vec4 8;
    %jmp/0xz  T_3.0, 8;
    %pushi/vec4 0, 0, 1;
    %assign/vec4 v0x61869c9333b0_0, 0;
    %pushi/vec4 0, 0, 24;
    %assign/vec4 v0x61869c9338f0_0, 0;
    %pushi/vec4 0, 0, 1;
    %assign/vec4 v0x61869c9334a0_0, 0;
    %load/vec4 v0x61869c933a90_0;
    %assign/vec4 v0x61869c933560_0, 0;
    %load/vec4 v0x61869c933a90_0;
    %assign/vec4 v0x61869c933620_0, 0;
    %pushi/vec4 0, 0, 5;
    %assign/vec4 v0x61869c9339b0_0, 0;
    %pushi/vec4 0, 0, 24;
    %assign/vec4 v0x61869c933050_0, 0;
    %pushi/vec4 0, 0, 24;
    %assign/vec4 v0x61869c933130_0, 0;
    %pushi/vec4 0, 0, 1;
    %assign/vec4 v0x61869c933850_0, 0;
    %jmp T_3.1;
T_3.0 ;
    %load/vec4 v0x61869c933a90_0;
    %assign/vec4 v0x61869c933560_0, 0;
    %load/vec4 v0x61869c933780_0;
    %assign/vec4 v0x61869c9334a0_0, 0;
    %load/vec4 v0x61869c933620_0;
    %load/vec4 v0x61869c933560_0;
    %cmp/ne;
    %jmp/0xz  T_3.2, 4;
    %load/vec4 v0x61869c933560_0;
    %assign/vec4 v0x61869c933620_0, 0;
    %pushi/vec4 1, 0, 5;
    %assign/vec4 v0x61869c9339b0_0, 0;
    %pushi/vec4 1, 0, 1;
    %assign/vec4 v0x61869c933850_0, 0;
    %load/vec4 v0x61869c933560_0;
    %flag_set/vec4 8;
    %jmp/0xz  T_3.4, 8;
    %load/vec4 v0x61869c9334a0_0;
    %ix/load 4, 23, 0;
    %ix/load 5, 0, 0;
    %flag_set/imm 4, 0;
    %assign/vec4/off/d v0x61869c933130_0, 4, 5;
    %jmp T_3.5;
T_3.4 ;
    %load/vec4 v0x61869c9334a0_0;
    %ix/load 4, 23, 0;
    %ix/load 5, 0, 0;
    %flag_set/imm 4, 0;
    %assign/vec4/off/d v0x61869c933050_0, 4, 5;
T_3.5 ;
    %load/vec4 v0x61869c9339b0_0;
    %pad/u 32;
    %cmpi/e 23, 0, 32;
    %jmp/0xz  T_3.6, 4;
    %load/vec4 v0x61869c933620_0;
    %flag_set/vec4 8;
    %jmp/0 T_3.8, 8;
    %load/vec4 v0x61869c933130_0;
    %jmp/1 T_3.9, 8;
T_3.8 ; End of true expr.
    %load/vec4 v0x61869c933050_0;
    %jmp/0 T_3.9, 8;
 ; End of false expr.
    %blend;
T_3.9;
    %assign/vec4 v0x61869c9338f0_0, 0;
T_3.6 ;
    %jmp T_3.3;
T_3.2 ;
    %load/vec4 v0x61869c933850_0;
    %pad/u 32;
    %cmpi/ne 0, 0, 32;
    %jmp/0xz  T_3.10, 4;
    %load/vec4 v0x61869c9339b0_0;
    %pad/u 32;
    %cmpi/e 24, 0, 32;
    %jmp/0xz  T_3.12, 4;
    %vpi_call 4 79 "$display", "WORD END" {0 0 0};
    %pushi/vec4 0, 0, 1;
    %assign/vec4 v0x61869c933850_0, 0;
    %load/vec4 v0x61869c933560_0;
    %flag_set/vec4 8;
    %jmp/0 T_3.14, 8;
    %load/vec4 v0x61869c933130_0;
    %jmp/1 T_3.15, 8;
T_3.14 ; End of true expr.
    %load/vec4 v0x61869c933050_0;
    %jmp/0 T_3.15, 8;
 ; End of false expr.
    %blend;
T_3.15;
    %assign/vec4 v0x61869c9338f0_0, 0;
    %jmp T_3.13;
T_3.12 ;
    %load/vec4 v0x61869c933560_0;
    %flag_set/vec4 8;
    %jmp/0xz  T_3.16, 8;
    %load/vec4 v0x61869c9334a0_0;
    %ix/load 5, 0, 0;
    %pushi/vec4 23, 0, 32;
    %load/vec4 v0x61869c9339b0_0;
    %pad/u 32;
    %sub;
    %ix/vec4 4;
    %assign/vec4/off/d v0x61869c933130_0, 4, 5;
    %jmp T_3.17;
T_3.16 ;
    %load/vec4 v0x61869c9334a0_0;
    %ix/load 5, 0, 0;
    %pushi/vec4 23, 0, 32;
    %load/vec4 v0x61869c9339b0_0;
    %pad/u 32;
    %sub;
    %ix/vec4 4;
    %assign/vec4/off/d v0x61869c933050_0, 4, 5;
T_3.17 ;
    %load/vec4 v0x61869c9339b0_0;
    %addi 1, 0, 5;
    %assign/vec4 v0x61869c9339b0_0, 0;
    %load/vec4 v0x61869c9339b0_0;
    %pad/u 32;
    %cmpi/e 5, 0, 32;
    %jmp/0xz  T_3.18, 4;
    %pushi/vec4 0, 0, 1;
    %assign/vec4 v0x61869c9333b0_0, 0;
T_3.18 ;
T_3.13 ;
T_3.10 ;
T_3.3 ;
T_3.1 ;
    %jmp T_3;
    .thread T_3;
    .scope S_0x61869c8f40f0;
T_4 ;
    %pushi/vec4 0, 0, 1;
    %store/vec4 v0x61869c933c60_0, 0, 1;
T_4.0 ;
    %delay 5000, 0;
    %load/vec4 v0x61869c933c60_0;
    %inv;
    %store/vec4 v0x61869c933c60_0, 0, 1;
    %jmp T_4.0;
    %end;
    .thread T_4;
    .scope S_0x61869c8f40f0;
T_5 ;
    %fork t_3, S_0x61869c8f4280;
    %jmp t_2;
    .scope S_0x61869c8f4280;
t_3 ;
    %vpi_call 2 74 "$dumpfile", "feeder_tb.vcd" {0 0 0};
    %vpi_call 2 75 "$dumpvars", 32'sb00000000000000000000000000000000, S_0x61869c8f40f0 {0 0 0};
    %pushi/vec4 0, 0, 1;
    %store/vec4 v0x61869c934110_0, 0, 1;
    %pushi/vec4 0, 0, 32;
    %store/vec4 v0x61869c933f90_0, 0, 32;
    %pushi/vec4 0, 0, 32;
    %store/vec4 v0x61869c933e20_0, 0, 32;
    %pushi/vec4 0, 0, 24;
    %ix/load 4, 0, 0;
    %flag_set/imm 4, 0;
    %store/vec4a v0x61869c933ef0, 4, 0;
    %pushi/vec4 0, 0, 24;
    %ix/load 4, 1, 0;
    %flag_set/imm 4, 0;
    %store/vec4a v0x61869c933ef0, 4, 0;
    %pushi/vec4 8388607, 0, 24;
    %ix/load 4, 2, 0;
    %flag_set/imm 4, 0;
    %store/vec4a v0x61869c933ef0, 4, 0;
    %pushi/vec4 8388607, 0, 24;
    %ix/load 4, 3, 0;
    %flag_set/imm 4, 0;
    %store/vec4a v0x61869c933ef0, 4, 0;
    %pushi/vec4 8388608, 0, 24;
    %ix/load 4, 4, 0;
    %flag_set/imm 4, 0;
    %store/vec4a v0x61869c933ef0, 4, 0;
    %pushi/vec4 8388608, 0, 24;
    %ix/load 4, 5, 0;
    %flag_set/imm 4, 0;
    %store/vec4a v0x61869c933ef0, 4, 0;
    %pushi/vec4 1193046, 0, 24;
    %ix/load 4, 6, 0;
    %flag_set/imm 4, 0;
    %store/vec4a v0x61869c933ef0, 4, 0;
    %pushi/vec4 1193046, 0, 24;
    %ix/load 4, 7, 0;
    %flag_set/imm 4, 0;
    %store/vec4a v0x61869c933ef0, 4, 0;
    %vpi_call 2 92 "$display", "\342\225\220\342\225\220\342\225\220\342\225\220\342\225\220\342\225\220\342\225\220\342\225\220\342\225\220\342\225\220\342\225\220\342\225\220\342\225\220\342\225\220\342\225\220\342\225\220\342\225\220\342\225\220\342\225\220\342\225\220\342\225\220\342\225\220\342\225\220\342\225\220\342\225\220\342\225\220\342\225\220\342\225\220\342\225\220\342\225\220\342\225\220\342\225\220\342\225\220\342\225\220\342\225\220\342\225\220\342\225\220\342\225\220\342\225\220\342\225\220\342\225\220\342\225\220\342\225\220\342\225\220\342\225\220\342\225\220\342\225\220\342\225\220\342\225\220\342\225\220\342\225\220\342\225\220\342\225\220\342\225\220\342\225\220\342\225\220\342\225\220\342\225\220\342\225\220" {0 0 0};
    %vpi_call 2 93 "$display", "  transceiver_feeder_tb \342\200\224 starting simulation" {0 0 0};
    %vpi_call 2 94 "$display", "\342\225\220\342\225\220\342\225\220\342\225\220\342\225\220\342\225\220\342\225\220\342\225\220\342\225\220\342\225\220\342\225\220\342\225\220\342\225\220\342\225\220\342\225\220\342\225\220\342\225\220\342\225\220\342\225\220\342\225\220\342\225\220\342\225\220\342\225\220\342\225\220\342\225\220\342\225\220\342\225\220\342\225\220\342\225\220\342\225\220\342\225\220\342\225\220\342\225\220\342\225\220\342\225\220\342\225\220\342\225\220\342\225\220\342\225\220\342\225\220\342\225\220\342\225\220\342\225\220\342\225\220\342\225\220\342\225\220\342\225\220\342\225\220\342\225\220\342\225\220\342\225\220\342\225\220\342\225\220\342\225\220\342\225\220\342\225\220\342\225\220\342\225\220\342\225\220" {0 0 0};
    %delay 200000, 0;
    %pushi/vec4 1, 0, 1;
    %store/vec4 v0x61869c934110_0, 0, 1;
    %vpi_call 2 98 "$display", "  Reset de-asserted at t=%0t", $time {0 0 0};
    %wait E_0x61869c8de6e0;
    %vpi_call 2 103 "$display", "  First SCK posedge at t=%0t", $time {0 0 0};
    %pushi/vec4 0, 0, 32;
    %store/vec4 v0x61869c90dab0_0, 0, 32;
T_5.0 ;
    %load/vec4 v0x61869c90dab0_0;
    %cmpi/s 4, 0, 32;
    %jmp/0xz T_5.1, 5;
    %fork t_5, S_0x61869c8eac30;
    %jmp t_4;
    .scope S_0x61869c8eac30;
t_5 ;
    %wait E_0x61869c8dec80;
    %vpi_call 2 124 "$display", "  [DBG] L%d WS negedge at t=%0t", v0x61869c90dab0_0, $time {0 0 0};
    %pushi/vec4 24, 0, 32;
T_5.2 %dup/vec4;
    %pushi/vec4 0, 0, 32;
    %cmp/s;
    %jmp/1xz T_5.3, 5;
    %jmp/1 T_5.3, 4;
    %pushi/vec4 1, 0, 32;
    %sub;
    %wait E_0x61869c8de6e0;
    %jmp T_5.2;
T_5.3 ;
    %pop/vec4 1;
    %delay 1000, 0;
    %load/vec4 v0x61869c90dab0_0;
    %muli 2, 0, 32;
    %addi 0, 0, 32;
    %store/vec4 v0x61869c8dcc80_0, 0, 32;
    %load/vec4 v0x61869c934420_0;
    %ix/getv/s 4, v0x61869c8dcc80_0;
    %load/vec4a v0x61869c933ef0, 4;
    %cmp/e;
    %jmp/0xz  T_5.4, 6;
    %vpi_call 2 130 "$display", "  [%0d] L PASS: tdata = %h (expected %h) at t=%0t", v0x61869c90dab0_0, v0x61869c934420_0, &A<v0x61869c933ef0, v0x61869c8dcc80_0 >, $time {0 0 0};
    %jmp T_5.5;
T_5.4 ;
    %vpi_call 2 133 "$display", "  [%0d] L FAIL: tdata = %h (expected %h) at t=%0t", v0x61869c90dab0_0, v0x61869c934420_0, &A<v0x61869c933ef0, v0x61869c8dcc80_0 >, $time {0 0 0};
    %load/vec4 v0x61869c933e20_0;
    %addi 1, 0, 32;
    %store/vec4 v0x61869c933e20_0, 0, 32;
T_5.5 ;
    %wait E_0x61869c8dec80;
    %vpi_call 2 140 "$display", "  [DBG] R%d WS negedge at t=%0t", v0x61869c90dab0_0, $time {0 0 0};
    %pushi/vec4 24, 0, 32;
T_5.6 %dup/vec4;
    %pushi/vec4 0, 0, 32;
    %cmp/s;
    %jmp/1xz T_5.7, 5;
    %jmp/1 T_5.7, 4;
    %pushi/vec4 1, 0, 32;
    %sub;
    %wait E_0x61869c8de6e0;
    %jmp T_5.6;
T_5.7 ;
    %pop/vec4 1;
    %delay 1000, 0;
    %load/vec4 v0x61869c90dab0_0;
    %muli 2, 0, 32;
    %addi 1, 0, 32;
    %store/vec4 v0x61869c8dcc80_0, 0, 32;
    %load/vec4 v0x61869c934420_0;
    %ix/getv/s 4, v0x61869c8dcc80_0;
    %load/vec4a v0x61869c933ef0, 4;
    %cmp/e;
    %jmp/0xz  T_5.8, 6;
    %vpi_call 2 146 "$display", "  [%0d] R PASS: tdata = %h (expected %h) at t=%0t", v0x61869c90dab0_0, v0x61869c934420_0, &A<v0x61869c933ef0, v0x61869c8dcc80_0 >, $time {0 0 0};
    %jmp T_5.9;
T_5.8 ;
    %vpi_call 2 149 "$display", "  [%0d] R FAIL: tdata = %h (expected %h) at t=%0t", v0x61869c90dab0_0, v0x61869c934420_0, &A<v0x61869c933ef0, v0x61869c8dcc80_0 >, $time {0 0 0};
    %load/vec4 v0x61869c933e20_0;
    %addi 1, 0, 32;
    %store/vec4 v0x61869c933e20_0, 0, 32;
T_5.9 ;
    %end;
    .scope S_0x61869c8f4280;
t_4 %join;
    %load/vec4 v0x61869c90dab0_0;
    %addi 1, 0, 32;
    %store/vec4 v0x61869c90dab0_0, 0, 32;
    %jmp T_5.0;
T_5.1 ;
    %vpi_call 2 158 "$display", "\000" {0 0 0};
    %vpi_call 2 159 "$display", "  Waiting for done signal..." {0 0 0};
T_5.10 ;
    %load/vec4 v0x61869c933d50_0;
    %cmpi/ne 1, 0, 1;
    %jmp/0xz T_5.11, 6;
    %wait E_0x61869c8df270;
    %jmp T_5.10;
T_5.11 ;
    %vpi_call 2 162 "$display", "  done asserted at t=%0t", $time {0 0 0};
    %vpi_call 2 165 "$display", "  Checking zero-padding for 100 SCK cycles..." {0 0 0};
    %pushi/vec4 0, 0, 32;
    %store/vec4 v0x61869c90dab0_0, 0, 32;
T_5.12 ;
    %load/vec4 v0x61869c90dab0_0;
    %cmpi/s 100, 0, 32;
    %jmp/0xz T_5.13, 5;
    %wait E_0x61869c8de6e0;
    %load/vec4 v0x61869c90dab0_0;
    %addi 1, 0, 32;
    %store/vec4 v0x61869c90dab0_0, 0, 32;
    %jmp T_5.12;
T_5.13 ;
    %delay 1000, 0;
    %vpi_call 2 174 "$display", "  tdata after zero-padding = %h (expect 000000)", v0x61869c934420_0 {0 0 0};
    %pushi/vec4 64, 0, 32;
T_5.14 %dup/vec4;
    %pushi/vec4 0, 0, 32;
    %cmp/s;
    %jmp/1xz T_5.15, 5;
    %jmp/1 T_5.15, 4;
    %pushi/vec4 1, 0, 32;
    %sub;
    %wait E_0x61869c8de6e0;
    %jmp T_5.14;
T_5.15 ;
    %pop/vec4 1;
    %delay 1000, 0;
    %vpi_call 2 179 "$display", "  tdata after 1 more frame = %h (expect 000000)", v0x61869c934420_0 {0 0 0};
    %vpi_call 2 182 "$display", "\000" {0 0 0};
    %vpi_call 2 183 "$display", "\342\225\220\342\225\220\342\225\220\342\225\220\342\225\220\342\225\220\342\225\220\342\225\220\342\225\220\342\225\220\342\225\220\342\225\220\342\225\220\342\225\220\342\225\220\342\225\220\342\225\220\342\225\220\342\225\220\342\225\220\342\225\220\342\225\220\342\225\220\342\225\220\342\225\220\342\225\220\342\225\220\342\225\220\342\225\220\342\225\220\342\225\220\342\225\220\342\225\220\342\225\220\342\225\220\342\225\220\342\225\220\342\225\220\342\225\220\342\225\220\342\225\220\342\225\220\342\225\220\342\225\220\342\225\220\342\225\220\342\225\220\342\225\220\342\225\220\342\225\220\342\225\220\342\225\220\342\225\220\342\225\220\342\225\220\342\225\220\342\225\220\342\225\220\342\225\220" {0 0 0};
    %load/vec4 v0x61869c933e20_0;
    %cmpi/e 0, 0, 32;
    %jmp/0xz  T_5.16, 4;
    %vpi_call 2 185 "$display", "  ALL CHECKS PASSED" {0 0 0};
    %jmp T_5.17;
T_5.16 ;
    %vpi_call 2 187 "$display", "  %0d CHECK(S) FAILED", v0x61869c933e20_0 {0 0 0};
T_5.17 ;
    %vpi_call 2 189 "$display", "\342\225\220\342\225\220\342\225\220\342\225\220\342\225\220\342\225\220\342\225\220\342\225\220\342\225\220\342\225\220\342\225\220\342\225\220\342\225\220\342\225\220\342\225\220\342\225\220\342\225\220\342\225\220\342\225\220\342\225\220\342\225\220\342\225\220\342\225\220\342\225\220\342\225\220\342\225\220\342\225\220\342\225\220\342\225\220\342\225\220\342\225\220\342\225\220\342\225\220\342\225\220\342\225\220\342\225\220\342\225\220\342\225\220\342\225\220\342\225\220\342\225\220\342\225\220\342\225\220\342\225\220\342\225\220\342\225\220\342\225\220\342\225\220\342\225\220\342\225\220\342\225\220\342\225\220\342\225\220\342\225\220\342\225\220\342\225\220\342\225\220\342\225\220\342\225\220" {0 0 0};
    %vpi_call 2 191 "$finish" {0 0 0};
    %end;
    .scope S_0x61869c8f40f0;
t_2 %join;
    %end;
    .thread T_5;
    .scope S_0x61869c8f40f0;
T_6 ;
    %delay 705032704, 1;
    %vpi_call 2 197 "$display", "  TIMEOUT \342\200\224 simulation took too long" {0 0 0};
    %vpi_call 2 198 "$finish" {0 0 0};
    %end;
    .thread T_6;
# The file index is used to find the file name in the following table.
:file_names 5;
    "N/A";
    "<interactive>";
    "transceiver_feeder_tb.v";
    "./transceiver_feeder.v";
    "./i2s_in.v";
